{
  "RSpec": {
    "coverage": {
      "/home/benefic-acrobat-9831/tic-tac-toe-rb-online-web-sp-000/lib/tic_tac_toe.rb": [
        null,
        1,
        null,
        null,
        null,
        null,
        null,
        null,
        null,
        null,
        null,
        1,
        null,
        1,
        26,
        26,
        26,
        26,
        26,
        null,
        null,
        1,
        9340,
        null,
        null,
        1,
        24,
        null,
        null,
        1,
        9396,
        null,
        null,
        1,
        9340,
        null,
        null,
        1,
        23,
        23,
        207,
        34,
        null,
        null,
        23,
        null,
        null,
        1,
        22,
        null,
        null,
        1,
        9338,
        9337,
        9337,
        9337,
        21,
        21,
        9316,
        null,
        null,
        null,
        1,
        27,
        187,
        null,
        null,
        null,
        null,
        null,
        1,
        133,
        null,
        null,
        1,
        5,
        null,
        null,
        1,
        23,
        null,
        null,
        1,
        3,
        2,
        null,
        null,
        null,
        1,
        12,
        null,
        20,
        null,
        null,
        null,
        null,
        null,
        null,
        null,
        null
      ]
    },
    "timestamp": 1599034964
  }
}
